Analysis & Synthesis report for ALU_16
Wed May 26 23:18:10 2021
Quartus Prime Version 19.1.0 Build 670 09/22/2019 SJ Lite Edition


---------------------
; Table of Contents ;
---------------------
  1. Legal Notice
  2. Analysis & Synthesis Summary
  3. Analysis & Synthesis Settings
  4. Parallel Compilation
  5. Analysis & Synthesis Source Files Read
  6. Analysis & Synthesis Resource Usage Summary
  7. Analysis & Synthesis Resource Utilization by Entity
  8. General Register Statistics
  9. Multiplexer Restructuring Statistics (Restructuring Performed)
 10. Analysis & Synthesis Messages



----------------
; Legal Notice ;
----------------
Copyright (C) 2019  Intel Corporation. All rights reserved.
Your use of Intel Corporation's design tools, logic functions 
and other software and tools, and any partner logic 
functions, and any output files from any of the foregoing 
(including device programming or simulation files), and any 
associated documentation or information are expressly subject 
to the terms and conditions of the Intel Program License 
Subscription Agreement, the Intel Quartus Prime License Agreement,
the Intel FPGA IP License Agreement, or other applicable license
agreement, including, without limitation, that your use is for
the sole purpose of programming logic devices manufactured by
Intel and sold by Intel or its authorized distributors.  Please
refer to the applicable agreement for further details, at
https://fpgasoftware.intel.com/eula.



+---------------------------------------------------------------------------+
; Analysis & Synthesis Summary                                              ;
+-----------------------------+---------------------------------------------+
; Analysis & Synthesis Status ; Successful - Wed May 26 23:18:10 2021       ;
; Quartus Prime Version       ; 19.1.0 Build 670 09/22/2019 SJ Lite Edition ;
; Revision Name               ; ALU_16                                      ;
; Top-level Entity Name       ; ALU_16                                      ;
; Family                      ; MAX V                                       ;
; Total logic elements        ; 84                                          ;
; Total pins                  ; 52                                          ;
; Total virtual pins          ; 0                                           ;
; UFM blocks                  ; 0 / 1 ( 0 % )                               ;
+-----------------------------+---------------------------------------------+


+------------------------------------------------------------------------------------------------------------+
; Analysis & Synthesis Settings                                                                              ;
+------------------------------------------------------------------+--------------------+--------------------+
; Option                                                           ; Setting            ; Default Value      ;
+------------------------------------------------------------------+--------------------+--------------------+
; Top-level entity name                                            ; ALU_16             ; ALU_16             ;
; Family name                                                      ; MAX V              ; Cyclone V          ;
; Use smart compilation                                            ; Off                ; Off                ;
; Enable parallel Assembler and Timing Analyzer during compilation ; On                 ; On                 ;
; Enable compact report table                                      ; Off                ; Off                ;
; Restructure Multiplexers                                         ; Auto               ; Auto               ;
; Create Debugging Nodes for IP Cores                              ; Off                ; Off                ;
; Preserve fewer node names                                        ; On                 ; On                 ;
; Intel FPGA IP Evaluation Mode                                    ; Enable             ; Enable             ;
; Verilog Version                                                  ; Verilog_2001       ; Verilog_2001       ;
; VHDL Version                                                     ; VHDL_1993          ; VHDL_1993          ;
; State Machine Processing                                         ; Auto               ; Auto               ;
; Safe State Machine                                               ; Off                ; Off                ;
; Extract Verilog State Machines                                   ; On                 ; On                 ;
; Extract VHDL State Machines                                      ; On                 ; On                 ;
; Ignore Verilog initial constructs                                ; Off                ; Off                ;
; Iteration limit for constant Verilog loops                       ; 5000               ; 5000               ;
; Iteration limit for non-constant Verilog loops                   ; 250                ; 250                ;
; Add Pass-Through Logic to Inferred RAMs                          ; On                 ; On                 ;
; Infer RAMs from Raw Logic                                        ; On                 ; On                 ;
; Parallel Synthesis                                               ; On                 ; On                 ;
; NOT Gate Push-Back                                               ; On                 ; On                 ;
; Power-Up Don't Care                                              ; On                 ; On                 ;
; Remove Redundant Logic Cells                                     ; Off                ; Off                ;
; Remove Duplicate Registers                                       ; On                 ; On                 ;
; Ignore CARRY Buffers                                             ; Off                ; Off                ;
; Ignore CASCADE Buffers                                           ; Off                ; Off                ;
; Ignore GLOBAL Buffers                                            ; Off                ; Off                ;
; Ignore ROW GLOBAL Buffers                                        ; Off                ; Off                ;
; Ignore LCELL Buffers                                             ; Off                ; Off                ;
; Ignore SOFT Buffers                                              ; On                 ; On                 ;
; Limit AHDL Integers to 32 Bits                                   ; Off                ; Off                ;
; Optimization Technique                                           ; Balanced           ; Balanced           ;
; Carry Chain Length                                               ; 70                 ; 70                 ;
; Auto Carry Chains                                                ; On                 ; On                 ;
; Auto Open-Drain Pins                                             ; On                 ; On                 ;
; Perform WYSIWYG Primitive Resynthesis                            ; Off                ; Off                ;
; Auto Shift Register Replacement                                  ; Auto               ; Auto               ;
; Allow Shift Register Merging across Hierarchies                  ; Auto               ; Auto               ;
; Auto Clock Enable Replacement                                    ; On                 ; On                 ;
; Allow Synchronous Control Signals                                ; On                 ; On                 ;
; Force Use of Synchronous Clear Signals                           ; Off                ; Off                ;
; Auto Resource Sharing                                            ; Off                ; Off                ;
; Use LogicLock Constraints during Resource Balancing              ; On                 ; On                 ;
; Ignore translate_off and synthesis_off directives                ; Off                ; Off                ;
; Report Parameter Settings                                        ; On                 ; On                 ;
; Report Source Assignments                                        ; On                 ; On                 ;
; Report Connectivity Checks                                       ; On                 ; On                 ;
; Ignore Maximum Fan-Out Assignments                               ; Off                ; Off                ;
; Synchronization Register Chain Length                            ; 2                  ; 2                  ;
; Power Optimization During Synthesis                              ; Normal compilation ; Normal compilation ;
; HDL message level                                                ; Level2             ; Level2             ;
; Suppress Register Optimization Related Messages                  ; Off                ; Off                ;
; Number of Removed Registers Reported in Synthesis Report         ; 5000               ; 5000               ;
; Number of Swept Nodes Reported in Synthesis Report               ; 5000               ; 5000               ;
; Number of Inverted Registers Reported in Synthesis Report        ; 100                ; 100                ;
; Clock MUX Protection                                             ; On                 ; On                 ;
; Block Design Naming                                              ; Auto               ; Auto               ;
; Synthesis Effort                                                 ; Auto               ; Auto               ;
; Shift Register Replacement - Allow Asynchronous Clear Signal     ; On                 ; On                 ;
; Analysis & Synthesis Message Level                               ; Medium             ; Medium             ;
; Disable Register Merging Across Hierarchies                      ; Auto               ; Auto               ;
+------------------------------------------------------------------+--------------------+--------------------+


+------------------------------------------+
; Parallel Compilation                     ;
+----------------------------+-------------+
; Processors                 ; Number      ;
+----------------------------+-------------+
; Number detected on machine ; 4           ;
; Maximum allowed            ; 2           ;
;                            ;             ;
; Average used               ; 1.00        ;
; Maximum used               ; 1           ;
;                            ;             ;
; Usage by Processor         ; % Time Used ;
;     Processor 1            ; 100.0%      ;
+----------------------------+-------------+


+-----------------------------------------------------------------------------------------------------------------------------------+
; Analysis & Synthesis Source Files Read                                                                                            ;
+----------------------------------+-----------------+-----------------+--------------------------------------------------+---------+
; File Name with User-Entered Path ; Used in Netlist ; File Type       ; File Name with Absolute Path                     ; Library ;
+----------------------------------+-----------------+-----------------+--------------------------------------------------+---------+
; ../A1/ALU_1.vhd                  ; yes             ; User VHDL File  ; C:/Users/Gogo/Desktop/ergasia_sps/A1/ALU_1.vhd   ;         ;
; ALU_16.vhd                       ; yes             ; User VHDL File  ; C:/Users/Gogo/Desktop/ergasia_sps/A16/ALU_16.vhd ;         ;
+----------------------------------+-----------------+-----------------+--------------------------------------------------+---------+


+---------------------------------------------------------+
; Analysis & Synthesis Resource Usage Summary             ;
+---------------------------------------------+-----------+
; Resource                                    ; Usage     ;
+---------------------------------------------+-----------+
; Total logic elements                        ; 84        ;
;     -- Combinational with no register       ; 84        ;
;     -- Register only                        ; 0         ;
;     -- Combinational with a register        ; 0         ;
;                                             ;           ;
; Logic element usage by number of LUT inputs ;           ;
;     -- 4 input functions                    ; 50        ;
;     -- 3 input functions                    ; 34        ;
;     -- 2 input functions                    ; 0         ;
;     -- 1 input functions                    ; 0         ;
;     -- 0 input functions                    ; 0         ;
;                                             ;           ;
; Logic elements by mode                      ;           ;
;     -- normal mode                          ; 84        ;
;     -- arithmetic mode                      ; 0         ;
;     -- qfbk mode                            ; 0         ;
;     -- register cascade mode                ; 0         ;
;     -- synchronous clear/load mode          ; 0         ;
;     -- asynchronous clear/load mode         ; 0         ;
;                                             ;           ;
; Total registers                             ; 0         ;
; I/O pins                                    ; 52        ;
; Maximum fan-out node                        ; opcode[1] ;
; Maximum fan-out                             ; 38        ;
; Total fan-out                               ; 319       ;
; Average fan-out                             ; 2.35      ;
+---------------------------------------------+-----------+


+--------------------------------------------------------------------------------------------------------------------------------------------------------------------------------------------------------------------------------------------------------------------------+
; Analysis & Synthesis Resource Utilization by Entity                                                                                                                                                                                                                      ;
+-------------------------------------+-------------+--------------+------------+------+--------------+--------------+-------------------+------------------+-----------------+------------+----------------------------------------------+-----------------+--------------+
; Compilation Hierarchy Node          ; Logic Cells ; LC Registers ; UFM Blocks ; Pins ; Virtual Pins ; LUT-Only LCs ; Register-Only LCs ; LUT/Register LCs ; Carry Chain LCs ; Packed LCs ; Full Hierarchy Name                          ; Entity Name     ; Library Name ;
+-------------------------------------+-------------+--------------+------------+------+--------------+--------------+-------------------+------------------+-----------------+------------+----------------------------------------------+-----------------+--------------+
; |ALU_16                             ; 84 (1)      ; 0            ; 0          ; 52   ; 0            ; 84 (1)       ; 0 (0)             ; 0 (0)            ; 0 (0)           ; 0 (0)      ; |ALU_16                                      ; ALU_16          ; work         ;
;    |ALU_1:\G1:0:ALU16|              ; 5 (0)       ; 0            ; 0          ; 0    ; 0            ; 5 (0)        ; 0 (0)             ; 0 (0)            ; 0 (0)           ; 0 (0)      ; |ALU_16|ALU_1:\G1:0:ALU16                    ; ALU_1           ; work         ;
;       |fullAdder:stage4|            ; 2 (2)       ; 0            ; 0          ; 0    ; 0            ; 2 (2)        ; 0 (0)             ; 0 (0)            ; 0 (0)           ; 0 (0)      ; |ALU_16|ALU_1:\G1:0:ALU16|fullAdder:stage4   ; fullAdder       ; work         ;
;       |my_mux4to1:stage6|           ; 3 (3)       ; 0            ; 0          ; 0    ; 0            ; 3 (3)        ; 0 (0)             ; 0 (0)            ; 0 (0)           ; 0 (0)      ; |ALU_16|ALU_1:\G1:0:ALU16|my_mux4to1:stage6  ; my_mux4to1      ; work         ;
;    |ALU_1:\G1:10:ALU16|             ; 5 (0)       ; 0            ; 0          ; 0    ; 0            ; 5 (0)        ; 0 (0)             ; 0 (0)            ; 0 (0)           ; 0 (0)      ; |ALU_16|ALU_1:\G1:10:ALU16                   ; ALU_1           ; work         ;
;       |fullAdder:stage4|            ; 2 (2)       ; 0            ; 0          ; 0    ; 0            ; 2 (2)        ; 0 (0)             ; 0 (0)            ; 0 (0)           ; 0 (0)      ; |ALU_16|ALU_1:\G1:10:ALU16|fullAdder:stage4  ; fullAdder       ; work         ;
;       |mux2to1:stage1|              ; 1 (1)       ; 0            ; 0          ; 0    ; 0            ; 1 (1)        ; 0 (0)             ; 0 (0)            ; 0 (0)           ; 0 (0)      ; |ALU_16|ALU_1:\G1:10:ALU16|mux2to1:stage1    ; mux2to1         ; work         ;
;       |my_mux4to1:stage6|           ; 2 (2)       ; 0            ; 0          ; 0    ; 0            ; 2 (2)        ; 0 (0)             ; 0 (0)            ; 0 (0)           ; 0 (0)      ; |ALU_16|ALU_1:\G1:10:ALU16|my_mux4to1:stage6 ; my_mux4to1      ; work         ;
;    |ALU_1:\G1:11:ALU16|             ; 5 (0)       ; 0            ; 0          ; 0    ; 0            ; 5 (0)        ; 0 (0)             ; 0 (0)            ; 0 (0)           ; 0 (0)      ; |ALU_16|ALU_1:\G1:11:ALU16                   ; ALU_1           ; work         ;
;       |fullAdder:stage4|            ; 2 (2)       ; 0            ; 0          ; 0    ; 0            ; 2 (2)        ; 0 (0)             ; 0 (0)            ; 0 (0)           ; 0 (0)      ; |ALU_16|ALU_1:\G1:11:ALU16|fullAdder:stage4  ; fullAdder       ; work         ;
;       |mux2to1:stage1|              ; 1 (1)       ; 0            ; 0          ; 0    ; 0            ; 1 (1)        ; 0 (0)             ; 0 (0)            ; 0 (0)           ; 0 (0)      ; |ALU_16|ALU_1:\G1:11:ALU16|mux2to1:stage1    ; mux2to1         ; work         ;
;       |my_mux4to1:stage6|           ; 2 (2)       ; 0            ; 0          ; 0    ; 0            ; 2 (2)        ; 0 (0)             ; 0 (0)            ; 0 (0)           ; 0 (0)      ; |ALU_16|ALU_1:\G1:11:ALU16|my_mux4to1:stage6 ; my_mux4to1      ; work         ;
;    |ALU_1:\G1:12:ALU16|             ; 5 (0)       ; 0            ; 0          ; 0    ; 0            ; 5 (0)        ; 0 (0)             ; 0 (0)            ; 0 (0)           ; 0 (0)      ; |ALU_16|ALU_1:\G1:12:ALU16                   ; ALU_1           ; work         ;
;       |fullAdder:stage4|            ; 2 (2)       ; 0            ; 0          ; 0    ; 0            ; 2 (2)        ; 0 (0)             ; 0 (0)            ; 0 (0)           ; 0 (0)      ; |ALU_16|ALU_1:\G1:12:ALU16|fullAdder:stage4  ; fullAdder       ; work         ;
;       |mux2to1:stage1|              ; 1 (1)       ; 0            ; 0          ; 0    ; 0            ; 1 (1)        ; 0 (0)             ; 0 (0)            ; 0 (0)           ; 0 (0)      ; |ALU_16|ALU_1:\G1:12:ALU16|mux2to1:stage1    ; mux2to1         ; work         ;
;       |my_mux4to1:stage6|           ; 2 (2)       ; 0            ; 0          ; 0    ; 0            ; 2 (2)        ; 0 (0)             ; 0 (0)            ; 0 (0)           ; 0 (0)      ; |ALU_16|ALU_1:\G1:12:ALU16|my_mux4to1:stage6 ; my_mux4to1      ; work         ;
;    |ALU_1:\G1:13:ALU16|             ; 5 (0)       ; 0            ; 0          ; 0    ; 0            ; 5 (0)        ; 0 (0)             ; 0 (0)            ; 0 (0)           ; 0 (0)      ; |ALU_16|ALU_1:\G1:13:ALU16                   ; ALU_1           ; work         ;
;       |fullAdder:stage4|            ; 2 (2)       ; 0            ; 0          ; 0    ; 0            ; 2 (2)        ; 0 (0)             ; 0 (0)            ; 0 (0)           ; 0 (0)      ; |ALU_16|ALU_1:\G1:13:ALU16|fullAdder:stage4  ; fullAdder       ; work         ;
;       |mux2to1:stage1|              ; 1 (1)       ; 0            ; 0          ; 0    ; 0            ; 1 (1)        ; 0 (0)             ; 0 (0)            ; 0 (0)           ; 0 (0)      ; |ALU_16|ALU_1:\G1:13:ALU16|mux2to1:stage1    ; mux2to1         ; work         ;
;       |my_mux4to1:stage6|           ; 2 (2)       ; 0            ; 0          ; 0    ; 0            ; 2 (2)        ; 0 (0)             ; 0 (0)            ; 0 (0)           ; 0 (0)      ; |ALU_16|ALU_1:\G1:13:ALU16|my_mux4to1:stage6 ; my_mux4to1      ; work         ;
;    |ALU_1:\G1:14:ALU16|             ; 5 (0)       ; 0            ; 0          ; 0    ; 0            ; 5 (0)        ; 0 (0)             ; 0 (0)            ; 0 (0)           ; 0 (0)      ; |ALU_16|ALU_1:\G1:14:ALU16                   ; ALU_1           ; work         ;
;       |fullAdder:stage4|            ; 2 (2)       ; 0            ; 0          ; 0    ; 0            ; 2 (2)        ; 0 (0)             ; 0 (0)            ; 0 (0)           ; 0 (0)      ; |ALU_16|ALU_1:\G1:14:ALU16|fullAdder:stage4  ; fullAdder       ; work         ;
;       |mux2to1:stage1|              ; 1 (1)       ; 0            ; 0          ; 0    ; 0            ; 1 (1)        ; 0 (0)             ; 0 (0)            ; 0 (0)           ; 0 (0)      ; |ALU_16|ALU_1:\G1:14:ALU16|mux2to1:stage1    ; mux2to1         ; work         ;
;       |my_mux4to1:stage6|           ; 2 (2)       ; 0            ; 0          ; 0    ; 0            ; 2 (2)        ; 0 (0)             ; 0 (0)            ; 0 (0)           ; 0 (0)      ; |ALU_16|ALU_1:\G1:14:ALU16|my_mux4to1:stage6 ; my_mux4to1      ; work         ;
;    |ALU_1:\G1:15:ALU16|             ; 5 (0)       ; 0            ; 0          ; 0    ; 0            ; 5 (0)        ; 0 (0)             ; 0 (0)            ; 0 (0)           ; 0 (0)      ; |ALU_16|ALU_1:\G1:15:ALU16                   ; ALU_1           ; work         ;
;       |fullAdder:stage4|            ; 2 (2)       ; 0            ; 0          ; 0    ; 0            ; 2 (2)        ; 0 (0)             ; 0 (0)            ; 0 (0)           ; 0 (0)      ; |ALU_16|ALU_1:\G1:15:ALU16|fullAdder:stage4  ; fullAdder       ; work         ;
;       |mux2to1:stage1|              ; 1 (1)       ; 0            ; 0          ; 0    ; 0            ; 1 (1)        ; 0 (0)             ; 0 (0)            ; 0 (0)           ; 0 (0)      ; |ALU_16|ALU_1:\G1:15:ALU16|mux2to1:stage1    ; mux2to1         ; work         ;
;       |my_mux4to1:stage6|           ; 2 (2)       ; 0            ; 0          ; 0    ; 0            ; 2 (2)        ; 0 (0)             ; 0 (0)            ; 0 (0)           ; 0 (0)      ; |ALU_16|ALU_1:\G1:15:ALU16|my_mux4to1:stage6 ; my_mux4to1      ; work         ;
;    |ALU_1:\G1:1:ALU16|              ; 5 (0)       ; 0            ; 0          ; 0    ; 0            ; 5 (0)        ; 0 (0)             ; 0 (0)            ; 0 (0)           ; 0 (0)      ; |ALU_16|ALU_1:\G1:1:ALU16                    ; ALU_1           ; work         ;
;       |fullAdder:stage4|            ; 2 (2)       ; 0            ; 0          ; 0    ; 0            ; 2 (2)        ; 0 (0)             ; 0 (0)            ; 0 (0)           ; 0 (0)      ; |ALU_16|ALU_1:\G1:1:ALU16|fullAdder:stage4   ; fullAdder       ; work         ;
;       |mux2to1:stage1|              ; 1 (1)       ; 0            ; 0          ; 0    ; 0            ; 1 (1)        ; 0 (0)             ; 0 (0)            ; 0 (0)           ; 0 (0)      ; |ALU_16|ALU_1:\G1:1:ALU16|mux2to1:stage1     ; mux2to1         ; work         ;
;       |my_mux4to1:stage6|           ; 2 (2)       ; 0            ; 0          ; 0    ; 0            ; 2 (2)        ; 0 (0)             ; 0 (0)            ; 0 (0)           ; 0 (0)      ; |ALU_16|ALU_1:\G1:1:ALU16|my_mux4to1:stage6  ; my_mux4to1      ; work         ;
;    |ALU_1:\G1:2:ALU16|              ; 5 (0)       ; 0            ; 0          ; 0    ; 0            ; 5 (0)        ; 0 (0)             ; 0 (0)            ; 0 (0)           ; 0 (0)      ; |ALU_16|ALU_1:\G1:2:ALU16                    ; ALU_1           ; work         ;
;       |fullAdder:stage4|            ; 2 (2)       ; 0            ; 0          ; 0    ; 0            ; 2 (2)        ; 0 (0)             ; 0 (0)            ; 0 (0)           ; 0 (0)      ; |ALU_16|ALU_1:\G1:2:ALU16|fullAdder:stage4   ; fullAdder       ; work         ;
;       |mux2to1:stage1|              ; 1 (1)       ; 0            ; 0          ; 0    ; 0            ; 1 (1)        ; 0 (0)             ; 0 (0)            ; 0 (0)           ; 0 (0)      ; |ALU_16|ALU_1:\G1:2:ALU16|mux2to1:stage1     ; mux2to1         ; work         ;
;       |my_mux4to1:stage6|           ; 2 (2)       ; 0            ; 0          ; 0    ; 0            ; 2 (2)        ; 0 (0)             ; 0 (0)            ; 0 (0)           ; 0 (0)      ; |ALU_16|ALU_1:\G1:2:ALU16|my_mux4to1:stage6  ; my_mux4to1      ; work         ;
;    |ALU_1:\G1:3:ALU16|              ; 5 (0)       ; 0            ; 0          ; 0    ; 0            ; 5 (0)        ; 0 (0)             ; 0 (0)            ; 0 (0)           ; 0 (0)      ; |ALU_16|ALU_1:\G1:3:ALU16                    ; ALU_1           ; work         ;
;       |fullAdder:stage4|            ; 2 (2)       ; 0            ; 0          ; 0    ; 0            ; 2 (2)        ; 0 (0)             ; 0 (0)            ; 0 (0)           ; 0 (0)      ; |ALU_16|ALU_1:\G1:3:ALU16|fullAdder:stage4   ; fullAdder       ; work         ;
;       |mux2to1:stage1|              ; 1 (1)       ; 0            ; 0          ; 0    ; 0            ; 1 (1)        ; 0 (0)             ; 0 (0)            ; 0 (0)           ; 0 (0)      ; |ALU_16|ALU_1:\G1:3:ALU16|mux2to1:stage1     ; mux2to1         ; work         ;
;       |my_mux4to1:stage6|           ; 2 (2)       ; 0            ; 0          ; 0    ; 0            ; 2 (2)        ; 0 (0)             ; 0 (0)            ; 0 (0)           ; 0 (0)      ; |ALU_16|ALU_1:\G1:3:ALU16|my_mux4to1:stage6  ; my_mux4to1      ; work         ;
;    |ALU_1:\G1:4:ALU16|              ; 5 (0)       ; 0            ; 0          ; 0    ; 0            ; 5 (0)        ; 0 (0)             ; 0 (0)            ; 0 (0)           ; 0 (0)      ; |ALU_16|ALU_1:\G1:4:ALU16                    ; ALU_1           ; work         ;
;       |fullAdder:stage4|            ; 2 (2)       ; 0            ; 0          ; 0    ; 0            ; 2 (2)        ; 0 (0)             ; 0 (0)            ; 0 (0)           ; 0 (0)      ; |ALU_16|ALU_1:\G1:4:ALU16|fullAdder:stage4   ; fullAdder       ; work         ;
;       |mux2to1:stage1|              ; 1 (1)       ; 0            ; 0          ; 0    ; 0            ; 1 (1)        ; 0 (0)             ; 0 (0)            ; 0 (0)           ; 0 (0)      ; |ALU_16|ALU_1:\G1:4:ALU16|mux2to1:stage1     ; mux2to1         ; work         ;
;       |my_mux4to1:stage6|           ; 2 (2)       ; 0            ; 0          ; 0    ; 0            ; 2 (2)        ; 0 (0)             ; 0 (0)            ; 0 (0)           ; 0 (0)      ; |ALU_16|ALU_1:\G1:4:ALU16|my_mux4to1:stage6  ; my_mux4to1      ; work         ;
;    |ALU_1:\G1:5:ALU16|              ; 5 (0)       ; 0            ; 0          ; 0    ; 0            ; 5 (0)        ; 0 (0)             ; 0 (0)            ; 0 (0)           ; 0 (0)      ; |ALU_16|ALU_1:\G1:5:ALU16                    ; ALU_1           ; work         ;
;       |fullAdder:stage4|            ; 2 (2)       ; 0            ; 0          ; 0    ; 0            ; 2 (2)        ; 0 (0)             ; 0 (0)            ; 0 (0)           ; 0 (0)      ; |ALU_16|ALU_1:\G1:5:ALU16|fullAdder:stage4   ; fullAdder       ; work         ;
;       |mux2to1:stage1|              ; 1 (1)       ; 0            ; 0          ; 0    ; 0            ; 1 (1)        ; 0 (0)             ; 0 (0)            ; 0 (0)           ; 0 (0)      ; |ALU_16|ALU_1:\G1:5:ALU16|mux2to1:stage1     ; mux2to1         ; work         ;
;       |my_mux4to1:stage6|           ; 2 (2)       ; 0            ; 0          ; 0    ; 0            ; 2 (2)        ; 0 (0)             ; 0 (0)            ; 0 (0)           ; 0 (0)      ; |ALU_16|ALU_1:\G1:5:ALU16|my_mux4to1:stage6  ; my_mux4to1      ; work         ;
;    |ALU_1:\G1:6:ALU16|              ; 5 (0)       ; 0            ; 0          ; 0    ; 0            ; 5 (0)        ; 0 (0)             ; 0 (0)            ; 0 (0)           ; 0 (0)      ; |ALU_16|ALU_1:\G1:6:ALU16                    ; ALU_1           ; work         ;
;       |fullAdder:stage4|            ; 2 (2)       ; 0            ; 0          ; 0    ; 0            ; 2 (2)        ; 0 (0)             ; 0 (0)            ; 0 (0)           ; 0 (0)      ; |ALU_16|ALU_1:\G1:6:ALU16|fullAdder:stage4   ; fullAdder       ; work         ;
;       |mux2to1:stage1|              ; 1 (1)       ; 0            ; 0          ; 0    ; 0            ; 1 (1)        ; 0 (0)             ; 0 (0)            ; 0 (0)           ; 0 (0)      ; |ALU_16|ALU_1:\G1:6:ALU16|mux2to1:stage1     ; mux2to1         ; work         ;
;       |my_mux4to1:stage6|           ; 2 (2)       ; 0            ; 0          ; 0    ; 0            ; 2 (2)        ; 0 (0)             ; 0 (0)            ; 0 (0)           ; 0 (0)      ; |ALU_16|ALU_1:\G1:6:ALU16|my_mux4to1:stage6  ; my_mux4to1      ; work         ;
;    |ALU_1:\G1:7:ALU16|              ; 5 (0)       ; 0            ; 0          ; 0    ; 0            ; 5 (0)        ; 0 (0)             ; 0 (0)            ; 0 (0)           ; 0 (0)      ; |ALU_16|ALU_1:\G1:7:ALU16                    ; ALU_1           ; work         ;
;       |fullAdder:stage4|            ; 2 (2)       ; 0            ; 0          ; 0    ; 0            ; 2 (2)        ; 0 (0)             ; 0 (0)            ; 0 (0)           ; 0 (0)      ; |ALU_16|ALU_1:\G1:7:ALU16|fullAdder:stage4   ; fullAdder       ; work         ;
;       |mux2to1:stage1|              ; 1 (1)       ; 0            ; 0          ; 0    ; 0            ; 1 (1)        ; 0 (0)             ; 0 (0)            ; 0 (0)           ; 0 (0)      ; |ALU_16|ALU_1:\G1:7:ALU16|mux2to1:stage1     ; mux2to1         ; work         ;
;       |my_mux4to1:stage6|           ; 2 (2)       ; 0            ; 0          ; 0    ; 0            ; 2 (2)        ; 0 (0)             ; 0 (0)            ; 0 (0)           ; 0 (0)      ; |ALU_16|ALU_1:\G1:7:ALU16|my_mux4to1:stage6  ; my_mux4to1      ; work         ;
;    |ALU_1:\G1:8:ALU16|              ; 5 (0)       ; 0            ; 0          ; 0    ; 0            ; 5 (0)        ; 0 (0)             ; 0 (0)            ; 0 (0)           ; 0 (0)      ; |ALU_16|ALU_1:\G1:8:ALU16                    ; ALU_1           ; work         ;
;       |fullAdder:stage4|            ; 2 (2)       ; 0            ; 0          ; 0    ; 0            ; 2 (2)        ; 0 (0)             ; 0 (0)            ; 0 (0)           ; 0 (0)      ; |ALU_16|ALU_1:\G1:8:ALU16|fullAdder:stage4   ; fullAdder       ; work         ;
;       |mux2to1:stage1|              ; 1 (1)       ; 0            ; 0          ; 0    ; 0            ; 1 (1)        ; 0 (0)             ; 0 (0)            ; 0 (0)           ; 0 (0)      ; |ALU_16|ALU_1:\G1:8:ALU16|mux2to1:stage1     ; mux2to1         ; work         ;
;       |my_mux4to1:stage6|           ; 2 (2)       ; 0            ; 0          ; 0    ; 0            ; 2 (2)        ; 0 (0)             ; 0 (0)            ; 0 (0)           ; 0 (0)      ; |ALU_16|ALU_1:\G1:8:ALU16|my_mux4to1:stage6  ; my_mux4to1      ; work         ;
;    |ALU_1:\G1:9:ALU16|              ; 5 (0)       ; 0            ; 0          ; 0    ; 0            ; 5 (0)        ; 0 (0)             ; 0 (0)            ; 0 (0)           ; 0 (0)      ; |ALU_16|ALU_1:\G1:9:ALU16                    ; ALU_1           ; work         ;
;       |fullAdder:stage4|            ; 2 (2)       ; 0            ; 0          ; 0    ; 0            ; 2 (2)        ; 0 (0)             ; 0 (0)            ; 0 (0)           ; 0 (0)      ; |ALU_16|ALU_1:\G1:9:ALU16|fullAdder:stage4   ; fullAdder       ; work         ;
;       |mux2to1:stage1|              ; 1 (1)       ; 0            ; 0          ; 0    ; 0            ; 1 (1)        ; 0 (0)             ; 0 (0)            ; 0 (0)           ; 0 (0)      ; |ALU_16|ALU_1:\G1:9:ALU16|mux2to1:stage1     ; mux2to1         ; work         ;
;       |my_mux4to1:stage6|           ; 2 (2)       ; 0            ; 0          ; 0    ; 0            ; 2 (2)        ; 0 (0)             ; 0 (0)            ; 0 (0)           ; 0 (0)      ; |ALU_16|ALU_1:\G1:9:ALU16|my_mux4to1:stage6  ; my_mux4to1      ; work         ;
;    |control_circuit:controlcircuit| ; 3 (3)       ; 0            ; 0          ; 0    ; 0            ; 3 (3)        ; 0 (0)             ; 0 (0)            ; 0 (0)           ; 0 (0)      ; |ALU_16|control_circuit:controlcircuit       ; control_circuit ; work         ;
+-------------------------------------+-------------+--------------+------------+------+--------------+--------------+-------------------+------------------+-----------------+------------+----------------------------------------------+-----------------+--------------+
Note: For table entries with two numbers listed, the numbers in parentheses indicate the number of resources of the given type used by the specific entity alone. The numbers listed outside of parentheses indicate the total resources of the given type used by the specific entity and all of its sub-entities in the hierarchy.


+------------------------------------------------------+
; General Register Statistics                          ;
+----------------------------------------------+-------+
; Statistic                                    ; Value ;
+----------------------------------------------+-------+
; Total registers                              ; 0     ;
; Number of registers using Synchronous Clear  ; 0     ;
; Number of registers using Synchronous Load   ; 0     ;
; Number of registers using Asynchronous Clear ; 0     ;
; Number of registers using Asynchronous Load  ; 0     ;
; Number of registers using Clock Enable       ; 0     ;
; Number of registers using Preset             ; 0     ;
+----------------------------------------------+-------+


+-----------------------------------------------------------------------------------------------------------------------------------------------------------------+
; Multiplexer Restructuring Statistics (Restructuring Performed)                                                                                                  ;
+--------------------+-----------+---------------+----------------------+------------------------+------------+---------------------------------------------------+
; Multiplexer Inputs ; Bus Width ; Baseline Area ; Area if Restructured ; Saving if Restructured ; Registered ; Example Multiplexer Output                        ;
+--------------------+-----------+---------------+----------------------+------------------------+------------+---------------------------------------------------+
; 4:1                ; 16 bits   ; 32 LEs        ; 32 LEs               ; 0 LEs                  ; No         ; |ALU_16|ALU_1:\G1:11:ALU16|my_mux4to1:stage6|Mux0 ;
+--------------------+-----------+---------------+----------------------+------------------------+------------+---------------------------------------------------+


+-------------------------------+
; Analysis & Synthesis Messages ;
+-------------------------------+
Info: *******************************************************************
Info: Running Quartus Prime Analysis & Synthesis
    Info: Version 19.1.0 Build 670 09/22/2019 SJ Lite Edition
    Info: Processing started: Wed May 26 23:17:42 2021
Info: Command: quartus_map --read_settings_files=on --write_settings_files=off ALU_16 -c ALU_16
Warning (18236): Number of processors has not been specified which may cause overloading on shared machines.  Set the global assignment NUM_PARALLEL_PROCESSORS in your QSF to an appropriate value for best performance.
Info (20030): Parallel compilation is enabled and will use 2 of the 2 processors detected
Info (12021): Found 15 design units, including 7 entities, in source file /users/gogo/desktop/ergasia_sps/a1/alu_1.vhd
    Info (12022): Found design unit 1: Basic File: C:/Users/Gogo/Desktop/ergasia_sps/A1/ALU_1.vhd Line: 3
    Info (12022): Found design unit 2: andGate-structure File: C:/Users/Gogo/Desktop/ergasia_sps/A1/ALU_1.vhd Line: 22
    Info (12022): Found design unit 3: orGate-structure File: C:/Users/Gogo/Desktop/ergasia_sps/A1/ALU_1.vhd Line: 36
    Info (12022): Found design unit 4: xorGate-structure File: C:/Users/Gogo/Desktop/ergasia_sps/A1/ALU_1.vhd Line: 50
    Info (12022): Found design unit 5: fullAdder-LogicFunc File: C:/Users/Gogo/Desktop/ergasia_sps/A1/ALU_1.vhd Line: 65
    Info (12022): Found design unit 6: mux2to1-beh File: C:/Users/Gogo/Desktop/ergasia_sps/A1/ALU_1.vhd Line: 81
    Info (12022): Found design unit 7: my_mux4to1-mux File: C:/Users/Gogo/Desktop/ergasia_sps/A1/ALU_1.vhd Line: 99
    Info (12022): Found design unit 8: ALU_1-structural File: C:/Users/Gogo/Desktop/ergasia_sps/A1/ALU_1.vhd Line: 119
    Info (12023): Found entity 1: andGate File: C:/Users/Gogo/Desktop/ergasia_sps/A1/ALU_1.vhd Line: 17
    Info (12023): Found entity 2: orGate File: C:/Users/Gogo/Desktop/ergasia_sps/A1/ALU_1.vhd Line: 31
    Info (12023): Found entity 3: xorGate File: C:/Users/Gogo/Desktop/ergasia_sps/A1/ALU_1.vhd Line: 45
    Info (12023): Found entity 4: fullAdder File: C:/Users/Gogo/Desktop/ergasia_sps/A1/ALU_1.vhd Line: 60
    Info (12023): Found entity 5: mux2to1 File: C:/Users/Gogo/Desktop/ergasia_sps/A1/ALU_1.vhd Line: 76
    Info (12023): Found entity 6: my_mux4to1 File: C:/Users/Gogo/Desktop/ergasia_sps/A1/ALU_1.vhd Line: 93
    Info (12023): Found entity 7: ALU_1 File: C:/Users/Gogo/Desktop/ergasia_sps/A1/ALU_1.vhd Line: 113
Info (12021): Found 4 design units, including 2 entities, in source file alu_16.vhd
    Info (12022): Found design unit 1: control_circuit-behavioral File: C:/Users/Gogo/Desktop/ergasia_sps/A16/ALU_16.vhd Line: 12
    Info (12022): Found design unit 2: ALU_16-structural File: C:/Users/Gogo/Desktop/ergasia_sps/A16/ALU_16.vhd Line: 86
    Info (12023): Found entity 1: control_circuit File: C:/Users/Gogo/Desktop/ergasia_sps/A16/ALU_16.vhd Line: 4
    Info (12023): Found entity 2: ALU_16 File: C:/Users/Gogo/Desktop/ergasia_sps/A16/ALU_16.vhd Line: 76
Info (12127): Elaborating entity "ALU_16" for the top level hierarchy
Info (12128): Elaborating entity "control_circuit" for hierarchy "control_circuit:controlcircuit" File: C:/Users/Gogo/Desktop/ergasia_sps/A16/ALU_16.vhd Line: 109
Info (12128): Elaborating entity "ALU_1" for hierarchy "ALU_1:\G1:0:ALU16" File: C:/Users/Gogo/Desktop/ergasia_sps/A16/ALU_16.vhd Line: 111
Info (12128): Elaborating entity "mux2to1" for hierarchy "ALU_1:\G1:0:ALU16|mux2to1:stage0" File: C:/Users/Gogo/Desktop/ergasia_sps/A1/ALU_1.vhd Line: 163
Info (12128): Elaborating entity "andGate" for hierarchy "ALU_1:\G1:0:ALU16|andGate:stage2" File: C:/Users/Gogo/Desktop/ergasia_sps/A1/ALU_1.vhd Line: 165
Info (12128): Elaborating entity "orGate" for hierarchy "ALU_1:\G1:0:ALU16|orGate:stage3" File: C:/Users/Gogo/Desktop/ergasia_sps/A1/ALU_1.vhd Line: 166
Info (12128): Elaborating entity "fullAdder" for hierarchy "ALU_1:\G1:0:ALU16|fullAdder:stage4" File: C:/Users/Gogo/Desktop/ergasia_sps/A1/ALU_1.vhd Line: 167
Info (12128): Elaborating entity "xorGate" for hierarchy "ALU_1:\G1:0:ALU16|xorGate:stage5" File: C:/Users/Gogo/Desktop/ergasia_sps/A1/ALU_1.vhd Line: 168
Info (12128): Elaborating entity "my_mux4to1" for hierarchy "ALU_1:\G1:0:ALU16|my_mux4to1:stage6" File: C:/Users/Gogo/Desktop/ergasia_sps/A1/ALU_1.vhd Line: 169
Info (21057): Implemented 136 device resources after synthesis - the final resource count might be different
    Info (21058): Implemented 35 input pins
    Info (21059): Implemented 17 output pins
    Info (21061): Implemented 84 logic cells
Info: Quartus Prime Analysis & Synthesis was successful. 0 errors, 1 warning
    Info: Peak virtual memory: 4764 megabytes
    Info: Processing ended: Wed May 26 23:18:11 2021
    Info: Elapsed time: 00:00:29
    Info: Total CPU time (on all processors): 00:00:59


